2026-02-08 16:51:55,793 - __main__ - INFO - Бот @repairsyst_bot запущен
2026-02-08 16:51:55,793 - aiogram.dispatcher - INFO - Start polling
2026-02-08 16:51:55,907 - aiogram.dispatcher - INFO - Run polling for bot @repairsyst_bot id=8451290889 - 'botrepair'
2026-02-08 16:52:41,772 - __main__ - INFO - Пользователь 319988728 начал работу
2026-02-08 16:52:41,773 - aiogram.event - INFO - Update id=95835177 is handled. Duration 296 ms by bot id=8451290889
2026-02-08 16:52:46,438 - aiogram.event - INFO - Update id=95835178 is handled. Duration 625 ms by bot id=8451290889
2026-02-08 16:52:51,537 - aiogram.event - INFO - Update id=95835179 is handled. Duration 3452 ms by bot id=8451290889
2026-02-08 16:52:56,765 - aiogram.event - INFO - Update id=95835180 is handled. Duration 1750 ms by bot id=8451290889
2026-02-08 16:53:34,993 - aiogram.event - INFO - Update id=95835181 is handled. Duration 20561 ms by bot id=8451290889
2026-02-08 16:53:50,823 - aiogram.event - INFO - Update id=95835182 is not handled. Duration 234 ms by bot id=8451290889
2026-02-08 16:53:50,824 - aiogram.event - ERROR - Cause exception while process update id=95835182 by bot id=8451290889
TelegramBadRequest: Telegram server says - Bad Request: inline keyboard button URL 'tel:+79615223190' is invalid: Wrong port number specified in the URL
Traceback (most recent call last):
  File "C:\Users\dubko\AppData\Local\Programs\Python\Python311\Lib\site-packages\aiogram\dispatcher\dispatcher.py", line 309, in _process_update
    response = await self.feed_update(bot, update, **kwargs)
               ^^^^^^^^^^^^^^^^^^^^^^^^^^^^^^^^^^^^^^^^^^^^^
  File "C:\Users\dubko\AppData\Local\Programs\Python\Python311\Lib\site-packages\aiogram\dispatcher\dispatcher.py", line 158, in feed_update
    response = await self.update.wrap_outer_middleware(
               ^^^^^^^^^^^^^^^^^^^^^^^^^^^^^^^^^^^^^^^^
  File "C:\Users\dubko\AppData\Local\Programs\Python\Python311\Lib\site-packages\aiogram\dispatcher\middlewares\error.py", line 25, in __call__
    return await handler(event, data)
           ^^^^^^^^^^^^^^^^^^^^^^^^^^
  File "C:\Users\dubko\AppData\Local\Programs\Python\Python311\Lib\site-packages\aiogram\dispatcher\middlewares\user_context.py", line 49, in __call__
    return await handler(event, data)
           ^^^^^^^^^^^^^^^^^^^^^^^^^^
  File "C:\Users\dubko\AppData\Local\Programs\Python\Python311\Lib\site-packages\aiogram\fsm\middleware.py", line 42, in __call__
    return await handler(event, data)
           ^^^^^^^^^^^^^^^^^^^^^^^^^^
  File "C:\Users\dubko\AppData\Local\Programs\Python\Python311\Lib\site-packages\aiogram\dispatcher\event\telegram.py", line 121, in trigger
    return await wrapped_inner(event, kwargs)
           ^^^^^^^^^^^^^^^^^^^^^^^^^^^^^^^^^^
  File "C:\Users\dubko\AppData\Local\Programs\Python\Python311\Lib\site-packages\aiogram\dispatcher\event\handler.py", line 43, in call
    return await wrapped()
           ^^^^^^^^^^^^^^^
  File "C:\Users\dubko\AppData\Local\Programs\Python\Python311\Lib\site-packages\aiogram\dispatcher\dispatcher.py", line 276, in _listen_update
    return await self.propagate_event(update_type=update_type, event=event, **kwargs)
           ^^^^^^^^^^^^^^^^^^^^^^^^^^^^^^^^^^^^^^^^^^^^^^^^^^^^^^^^^^^^^^^^^^^^^^^^^^
  File "C:\Users\dubko\AppData\Local\Programs\Python\Python311\Lib\site-packages\aiogram\dispatcher\router.py", line 142, in propagate_event
    return await observer.wrap_outer_middleware(_wrapped, event=event, data=kwargs)
           ^^^^^^^^^^^^^^^^^^^^^^^^^^^^^^^^^^^^^^^^^^^^^^^^^^^^^^^^^^^^^^^^^^^^^^^^
  File "C:\Users\dubko\AppData\Local\Programs\Python\Python311\Lib\site-packages\aiogram\dispatcher\router.py", line 137, in _wrapped
    return await self._propagate_event(
           ^^^^^^^^^^^^^^^^^^^^^^^^^^^^
  File "C:\Users\dubko\AppData\Local\Programs\Python\Python311\Lib\site-packages\aiogram\dispatcher\router.py", line 162, in _propagate_event
    response = await observer.trigger(event, **kwargs)
               ^^^^^^^^^^^^^^^^^^^^^^^^^^^^^^^^^^^^^^^
  File "C:\Users\dubko\AppData\Local\Programs\Python\Python311\Lib\site-packages\aiogram\dispatcher\event\telegram.py", line 121, in trigger
    return await wrapped_inner(event, kwargs)
           ^^^^^^^^^^^^^^^^^^^^^^^^^^^^^^^^^^
  File "C:\Users\dubko\AppData\Local\Programs\Python\Python311\Lib\site-packages\aiogram\dispatcher\event\handler.py", line 43, in call
    return await wrapped()
           ^^^^^^^^^^^^^^^
  File "C:\Users\dubko\OneDrive\Desktop\botrepair\bot2.py", line 876, in need_consultation_handler
    await handle_contact_expert(message, state)
  File "C:\Users\dubko\OneDrive\Desktop\botrepair\bot2.py", line 950, in handle_contact_expert
    await message.answer(contact_text, reply_markup=get_inline_expert_kb())
  File "C:\Users\dubko\AppData\Local\Programs\Python\Python311\Lib\site-packages\aiogram\methods\base.py", line 84, in emit
    return await bot(self)
           ^^^^^^^^^^^^^^^
  File "C:\Users\dubko\AppData\Local\Programs\Python\Python311\Lib\site-packages\aiogram\client\bot.py", line 508, in __call__
    return await self.session(self, method, timeout=request_timeout)
           ^^^^^^^^^^^^^^^^^^^^^^^^^^^^^^^^^^^^^^^^^^^^^^^^^^^^^^^^^
  File "C:\Users\dubko\AppData\Local\Programs\Python\Python311\Lib\site-packages\aiogram\client\session\base.py", line 254, in __call__
    return cast(TelegramType, await middleware(bot, method))
                              ^^^^^^^^^^^^^^^^^^^^^^^^^^^^^
  File "C:\Users\dubko\AppData\Local\Programs\Python\Python311\Lib\site-packages\aiogram\client\session\aiohttp.py", line 178, in make_request
    response = self.check_response(
               ^^^^^^^^^^^^^^^^^^^^
  File "C:\Users\dubko\AppData\Local\Programs\Python\Python311\Lib\site-packages\aiogram\client\session\base.py", line 120, in check_response
    raise TelegramBadRequest(method=method, message=description)
aiogram.exceptions.TelegramBadRequest: Telegram server says - Bad Request: inline keyboard button URL 'tel:+79615223190' is invalid: Wrong port number specified in the URL
2026-02-08 16:54:20,544 - aiogram.event - INFO - Update id=95835183 is handled. Duration 6686 ms by bot id=8451290889
2026-02-08 16:55:17,605 - aiogram.event - INFO - Update id=95835184 is not handled. Duration 235 ms by bot id=8451290889
2026-02-08 16:55:17,606 - aiogram.event - ERROR - Cause exception while process update id=95835184 by bot id=8451290889
TelegramBadRequest: Telegram server says - Bad Request: inline keyboard button URL 'tel:+79615223190' is invalid: Wrong port number specified in the URL
Traceback (most recent call last):
  File "C:\Users\dubko\AppData\Local\Programs\Python\Python311\Lib\site-packages\aiogram\dispatcher\dispatcher.py", line 309, in _process_update
    response = await self.feed_update(bot, update, **kwargs)
               ^^^^^^^^^^^^^^^^^^^^^^^^^^^^^^^^^^^^^^^^^^^^^
  File "C:\Users\dubko\AppData\Local\Programs\Python\Python311\Lib\site-packages\aiogram\dispatcher\dispatcher.py", line 158, in feed_update
    response = await self.update.wrap_outer_middleware(
               ^^^^^^^^^^^^^^^^^^^^^^^^^^^^^^^^^^^^^^^^
  File "C:\Users\dubko\AppData\Local\Programs\Python\Python311\Lib\site-packages\aiogram\dispatcher\middlewares\error.py", line 25, in __call__
    return await handler(event, data)
           ^^^^^^^^^^^^^^^^^^^^^^^^^^
  File "C:\Users\dubko\AppData\Local\Programs\Python\Python311\Lib\site-packages\aiogram\dispatcher\middlewares\user_context.py", line 49, in __call__
    return await handler(event, data)
           ^^^^^^^^^^^^^^^^^^^^^^^^^^
  File "C:\Users\dubko\AppData\Local\Programs\Python\Python311\Lib\site-packages\aiogram\fsm\middleware.py", line 42, in __call__
    return await handler(event, data)
           ^^^^^^^^^^^^^^^^^^^^^^^^^^
  File "C:\Users\dubko\AppData\Local\Programs\Python\Python311\Lib\site-packages\aiogram\dispatcher\event\telegram.py", line 121, in trigger
    return await wrapped_inner(event, kwargs)
           ^^^^^^^^^^^^^^^^^^^^^^^^^^^^^^^^^^
  File "C:\Users\dubko\AppData\Local\Programs\Python\Python311\Lib\site-packages\aiogram\dispatcher\event\handler.py", line 43, in call
    return await wrapped()
           ^^^^^^^^^^^^^^^
  File "C:\Users\dubko\AppData\Local\Programs\Python\Python311\Lib\site-packages\aiogram\dispatcher\dispatcher.py", line 276, in _listen_update
    return await self.propagate_event(update_type=update_type, event=event, **kwargs)
           ^^^^^^^^^^^^^^^^^^^^^^^^^^^^^^^^^^^^^^^^^^^^^^^^^^^^^^^^^^^^^^^^^^^^^^^^^^
  File "C:\Users\dubko\AppData\Local\Programs\Python\Python311\Lib\site-packages\aiogram\dispatcher\router.py", line 142, in propagate_event
    return await observer.wrap_outer_middleware(_wrapped, event=event, data=kwargs)
           ^^^^^^^^^^^^^^^^^^^^^^^^^^^^^^^^^^^^^^^^^^^^^^^^^^^^^^^^^^^^^^^^^^^^^^^^
  File "C:\Users\dubko\AppData\Local\Programs\Python\Python311\Lib\site-packages\aiogram\dispatcher\router.py", line 137, in _wrapped
    return await self._propagate_event(
           ^^^^^^^^^^^^^^^^^^^^^^^^^^^^
  File "C:\Users\dubko\AppData\Local\Programs\Python\Python311\Lib\site-packages\aiogram\dispatcher\router.py", line 162, in _propagate_event
    response = await observer.trigger(event, **kwargs)
               ^^^^^^^^^^^^^^^^^^^^^^^^^^^^^^^^^^^^^^^
  File "C:\Users\dubko\AppData\Local\Programs\Python\Python311\Lib\site-packages\aiogram\dispatcher\event\telegram.py", line 121, in trigger
    return await wrapped_inner(event, kwargs)
           ^^^^^^^^^^^^^^^^^^^^^^^^^^^^^^^^^^
  File "C:\Users\dubko\AppData\Local\Programs\Python\Python311\Lib\site-packages\aiogram\dispatcher\event\handler.py", line 43, in call
    return await wrapped()
           ^^^^^^^^^^^^^^^
  File "C:\Users\dubko\OneDrive\Desktop\botrepair\bot2.py", line 886, in process_offer_choice
    await handle_contact_expert(message, state)
  File "C:\Users\dubko\OneDrive\Desktop\botrepair\bot2.py", line 950, in handle_contact_expert
    await message.answer(contact_text, reply_markup=get_inline_expert_kb())
  File "C:\Users\dubko\AppData\Local\Programs\Python\Python311\Lib\site-packages\aiogram\methods\base.py", line 84, in emit
    return await bot(self)
           ^^^^^^^^^^^^^^^
  File "C:\Users\dubko\AppData\Local\Programs\Python\Python311\Lib\site-packages\aiogram\client\bot.py", line 508, in __call__
    return await self.session(self, method, timeout=request_timeout)
           ^^^^^^^^^^^^^^^^^^^^^^^^^^^^^^^^^^^^^^^^^^^^^^^^^^^^^^^^^
  File "C:\Users\dubko\AppData\Local\Programs\Python\Python311\Lib\site-packages\aiogram\client\session\base.py", line 254, in __call__
    return cast(TelegramType, await middleware(bot, method))
                              ^^^^^^^^^^^^^^^^^^^^^^^^^^^^^
  File "C:\Users\dubko\AppData\Local\Programs\Python\Python311\Lib\site-packages\aiogram\client\session\aiohttp.py", line 178, in make_request
    response = self.check_response(
               ^^^^^^^^^^^^^^^^^^^^
  File "C:\Users\dubko\AppData\Local\Programs\Python\Python311\Lib\site-packages\aiogram\client\session\base.py", line 120, in check_response
    raise TelegramBadRequest(method=method, message=description)
aiogram.exceptions.TelegramBadRequest: Telegram server says - Bad Request: inline keyboard button URL 'tel:+79615223190' is invalid: Wrong port number specified in the URL
2026-02-08 16:55:28,700 - aiogram.event - INFO - Update id=95835185 is not handled. Duration 78 ms by bot id=8451290889
2026-02-08 16:55:28,702 - aiogram.event - ERROR - Cause exception while process update id=95835185 by bot id=8451290889
TelegramBadRequest: Telegram server says - Bad Request: inline keyboard button URL 'tel:+79615223190' is invalid: Wrong port number specified in the URL
Traceback (most recent call last):
  File "C:\Users\dubko\AppData\Local\Programs\Python\Python311\Lib\site-packages\aiogram\dispatcher\dispatcher.py", line 309, in _process_update
    response = await self.feed_update(bot, update, **kwargs)
               ^^^^^^^^^^^^^^^^^^^^^^^^^^^^^^^^^^^^^^^^^^^^^
  File "C:\Users\dubko\AppData\Local\Programs\Python\Python311\Lib\site-packages\aiogram\dispatcher\dispatcher.py", line 158, in feed_update
    response = await self.update.wrap_outer_middleware(
               ^^^^^^^^^^^^^^^^^^^^^^^^^^^^^^^^^^^^^^^^
  File "C:\Users\dubko\AppData\Local\Programs\Python\Python311\Lib\site-packages\aiogram\dispatcher\middlewares\error.py", line 25, in __call__
    return await handler(event, data)
           ^^^^^^^^^^^^^^^^^^^^^^^^^^
  File "C:\Users\dubko\AppData\Local\Programs\Python\Python311\Lib\site-packages\aiogram\dispatcher\middlewares\user_context.py", line 49, in __call__
    return await handler(event, data)
           ^^^^^^^^^^^^^^^^^^^^^^^^^^
  File "C:\Users\dubko\AppData\Local\Programs\Python\Python311\Lib\site-packages\aiogram\fsm\middleware.py", line 42, in __call__
    return await handler(event, data)
           ^^^^^^^^^^^^^^^^^^^^^^^^^^
  File "C:\Users\dubko\AppData\Local\Programs\Python\Python311\Lib\site-packages\aiogram\dispatcher\event\telegram.py", line 121, in trigger
    return await wrapped_inner(event, kwargs)
           ^^^^^^^^^^^^^^^^^^^^^^^^^^^^^^^^^^
  File "C:\Users\dubko\AppData\Local\Programs\Python\Python311\Lib\site-packages\aiogram\dispatcher\event\handler.py", line 43, in call
    return await wrapped()
           ^^^^^^^^^^^^^^^
  File "C:\Users\dubko\AppData\Local\Programs\Python\Python311\Lib\site-packages\aiogram\dispatcher\dispatcher.py", line 276, in _listen_update
    return await self.propagate_event(update_type=update_type, event=event, **kwargs)
           ^^^^^^^^^^^^^^^^^^^^^^^^^^^^^^^^^^^^^^^^^^^^^^^^^^^^^^^^^^^^^^^^^^^^^^^^^^
  File "C:\Users\dubko\AppData\Local\Programs\Python\Python311\Lib\site-packages\aiogram\dispatcher\router.py", line 142, in propagate_event
    return await observer.wrap_outer_middleware(_wrapped, event=event, data=kwargs)
           ^^^^^^^^^^^^^^^^^^^^^^^^^^^^^^^^^^^^^^^^^^^^^^^^^^^^^^^^^^^^^^^^^^^^^^^^
  File "C:\Users\dubko\AppData\Local\Programs\Python\Python311\Lib\site-packages\aiogram\dispatcher\router.py", line 137, in _wrapped
    return await self._propagate_event(
           ^^^^^^^^^^^^^^^^^^^^^^^^^^^^
  File "C:\Users\dubko\AppData\Local\Programs\Python\Python311\Lib\site-packages\aiogram\dispatcher\router.py", line 162, in _propagate_event
    response = await observer.trigger(event, **kwargs)
               ^^^^^^^^^^^^^^^^^^^^^^^^^^^^^^^^^^^^^^^
  File "C:\Users\dubko\AppData\Local\Programs\Python\Python311\Lib\site-packages\aiogram\dispatcher\event\telegram.py", line 121, in trigger
    return await wrapped_inner(event, kwargs)
           ^^^^^^^^^^^^^^^^^^^^^^^^^^^^^^^^^^
  File "C:\Users\dubko\AppData\Local\Programs\Python\Python311\Lib\site-packages\aiogram\dispatcher\event\handler.py", line 43, in call
    return await wrapped()
           ^^^^^^^^^^^^^^^
  File "C:\Users\dubko\OneDrive\Desktop\botrepair\bot2.py", line 886, in process_offer_choice
    await handle_contact_expert(message, state)
  File "C:\Users\dubko\OneDrive\Desktop\botrepair\bot2.py", line 950, in handle_contact_expert
    await message.answer(contact_text, reply_markup=get_inline_expert_kb())
  File "C:\Users\dubko\AppData\Local\Programs\Python\Python311\Lib\site-packages\aiogram\methods\base.py", line 84, in emit
    return await bot(self)
           ^^^^^^^^^^^^^^^
  File "C:\Users\dubko\AppData\Local\Programs\Python\Python311\Lib\site-packages\aiogram\client\bot.py", line 508, in __call__
    return await self.session(self, method, timeout=request_timeout)
           ^^^^^^^^^^^^^^^^^^^^^^^^^^^^^^^^^^^^^^^^^^^^^^^^^^^^^^^^^
  File "C:\Users\dubko\AppData\Local\Programs\Python\Python311\Lib\site-packages\aiogram\client\session\base.py", line 254, in __call__
    return cast(TelegramType, await middleware(bot, method))
                              ^^^^^^^^^^^^^^^^^^^^^^^^^^^^^
  File "C:\Users\dubko\AppData\Local\Programs\Python\Python311\Lib\site-packages\aiogram\client\session\aiohttp.py", line 178, in make_request
    response = self.check_response(
               ^^^^^^^^^^^^^^^^^^^^
  File "C:\Users\dubko\AppData\Local\Programs\Python\Python311\Lib\site-packages\aiogram\client\session\base.py", line 120, in check_response
    raise TelegramBadRequest(method=method, message=description)
aiogram.exceptions.TelegramBadRequest: Telegram server says - Bad Request: inline keyboard button URL 'tel:+79615223190' is invalid: Wrong port number specified in the URL
2026-02-08 16:55:31,113 - aiogram.event - INFO - Update id=95835186 is handled. Duration 94 ms by bot id=8451290889
2026-02-08 16:55:37,696 - __main__ - INFO - Пользователь 319988728 оставил номер: 79615223190
2026-02-08 16:55:37,821 - aiogram.event - INFO - Update id=95835187 is handled. Duration 375 ms by bot id=8451290889
2026-02-08 16:55:43,087 - aiogram.event - INFO - Update id=95835188 is not handled. Duration 77 ms by bot id=8451290889
2026-02-08 16:55:43,087 - aiogram.event - ERROR - Cause exception while process update id=95835188 by bot id=8451290889
TelegramBadRequest: Telegram server says - Bad Request: inline keyboard button URL 'tel:+79615223190' is invalid: Wrong port number specified in the URL
Traceback (most recent call last):
  File "C:\Users\dubko\AppData\Local\Programs\Python\Python311\Lib\site-packages\aiogram\dispatcher\dispatcher.py", line 309, in _process_update
    response = await self.feed_update(bot, update, **kwargs)
               ^^^^^^^^^^^^^^^^^^^^^^^^^^^^^^^^^^^^^^^^^^^^^
  File "C:\Users\dubko\AppData\Local\Programs\Python\Python311\Lib\site-packages\aiogram\dispatcher\dispatcher.py", line 158, in feed_update
    response = await self.update.wrap_outer_middleware(
               ^^^^^^^^^^^^^^^^^^^^^^^^^^^^^^^^^^^^^^^^
  File "C:\Users\dubko\AppData\Local\Programs\Python\Python311\Lib\site-packages\aiogram\dispatcher\middlewares\error.py", line 25, in __call__
    return await handler(event, data)
           ^^^^^^^^^^^^^^^^^^^^^^^^^^
  File "C:\Users\dubko\AppData\Local\Programs\Python\Python311\Lib\site-packages\aiogram\dispatcher\middlewares\user_context.py", line 49, in __call__
    return await handler(event, data)
           ^^^^^^^^^^^^^^^^^^^^^^^^^^
  File "C:\Users\dubko\AppData\Local\Programs\Python\Python311\Lib\site-packages\aiogram\fsm\middleware.py", line 42, in __call__
    return await handler(event, data)
           ^^^^^^^^^^^^^^^^^^^^^^^^^^
  File "C:\Users\dubko\AppData\Local\Programs\Python\Python311\Lib\site-packages\aiogram\dispatcher\event\telegram.py", line 121, in trigger
    return await wrapped_inner(event, kwargs)
           ^^^^^^^^^^^^^^^^^^^^^^^^^^^^^^^^^^
  File "C:\Users\dubko\AppData\Local\Programs\Python\Python311\Lib\site-packages\aiogram\dispatcher\event\handler.py", line 43, in call
    return await wrapped()
           ^^^^^^^^^^^^^^^
  File "C:\Users\dubko\AppData\Local\Programs\Python\Python311\Lib\site-packages\aiogram\dispatcher\dispatcher.py", line 276, in _listen_update
    return await self.propagate_event(update_type=update_type, event=event, **kwargs)
           ^^^^^^^^^^^^^^^^^^^^^^^^^^^^^^^^^^^^^^^^^^^^^^^^^^^^^^^^^^^^^^^^^^^^^^^^^^
  File "C:\Users\dubko\AppData\Local\Programs\Python\Python311\Lib\site-packages\aiogram\dispatcher\router.py", line 142, in propagate_event
    return await observer.wrap_outer_middleware(_wrapped, event=event, data=kwargs)
           ^^^^^^^^^^^^^^^^^^^^^^^^^^^^^^^^^^^^^^^^^^^^^^^^^^^^^^^^^^^^^^^^^^^^^^^^
  File "C:\Users\dubko\AppData\Local\Programs\Python\Python311\Lib\site-packages\aiogram\dispatcher\router.py", line 137, in _wrapped
    return await self._propagate_event(
           ^^^^^^^^^^^^^^^^^^^^^^^^^^^^
  File "C:\Users\dubko\AppData\Local\Programs\Python\Python311\Lib\site-packages\aiogram\dispatcher\router.py", line 162, in _propagate_event
    response = await observer.trigger(event, **kwargs)
               ^^^^^^^^^^^^^^^^^^^^^^^^^^^^^^^^^^^^^^^
  File "C:\Users\dubko\AppData\Local\Programs\Python\Python311\Lib\site-packages\aiogram\dispatcher\event\telegram.py", line 121, in trigger
    return await wrapped_inner(event, kwargs)
           ^^^^^^^^^^^^^^^^^^^^^^^^^^^^^^^^^^
  File "C:\Users\dubko\AppData\Local\Programs\Python\Python311\Lib\site-packages\aiogram\dispatcher\event\handler.py", line 43, in call
    return await wrapped()
           ^^^^^^^^^^^^^^^
  File "C:\Users\dubko\OneDrive\Desktop\botrepair\bot2.py", line 886, in process_offer_choice
    await handle_contact_expert(message, state)
  File "C:\Users\dubko\OneDrive\Desktop\botrepair\bot2.py", line 950, in handle_contact_expert
    await message.answer(contact_text, reply_markup=get_inline_expert_kb())
  File "C:\Users\dubko\AppData\Local\Programs\Python\Python311\Lib\site-packages\aiogram\methods\base.py", line 84, in emit
    return await bot(self)
           ^^^^^^^^^^^^^^^
  File "C:\Users\dubko\AppData\Local\Programs\Python\Python311\Lib\site-packages\aiogram\client\bot.py", line 508, in __call__
    return await self.session(self, method, timeout=request_timeout)
           ^^^^^^^^^^^^^^^^^^^^^^^^^^^^^^^^^^^^^^^^^^^^^^^^^^^^^^^^^
  File "C:\Users\dubko\AppData\Local\Programs\Python\Python311\Lib\site-packages\aiogram\client\session\base.py", line 254, in __call__
    return cast(TelegramType, await middleware(bot, method))
                              ^^^^^^^^^^^^^^^^^^^^^^^^^^^^^
  File "C:\Users\dubko\AppData\Local\Programs\Python\Python311\Lib\site-packages\aiogram\client\session\aiohttp.py", line 178, in make_request
    response = self.check_response(
               ^^^^^^^^^^^^^^^^^^^^
  File "C:\Users\dubko\AppData\Local\Programs\Python\Python311\Lib\site-packages\aiogram\client\session\base.py", line 120, in check_response
    raise TelegramBadRequest(method=method, message=description)
aiogram.exceptions.TelegramBadRequest: Telegram server says - Bad Request: inline keyboard button URL 'tel:+79615223190' is invalid: Wrong port number specified in the URL
2026-02-08 17:05:02,182 - __main__ - INFO - Бот @repairsyst_bot запущен
2026-02-08 17:05:02,183 - aiogram.dispatcher - INFO - Start polling
2026-02-08 17:05:02,265 - aiogram.dispatcher - INFO - Run polling for bot @repairsyst_bot id=8451290889 - 'botrepair'
